<?xml version="1.0" encoding="UTF-8"?>
<!-- Generated by org.testng.reporters.JUnitReportReporter -->
<testsuite hostname="MAVBCP3494" failures="0" tests="2" name="com.mavenselenium.GroupActivity" time="48.392" errors="0" timestamp="2021-10-11T16:14:45 IST" skipped="0">
  <testcase classname="com.mavenselenium.GroupActivity" name="login" time="20.900"/>
  <system-out/>
  <testcase classname="com.mavenselenium.GroupActivity" name="login" time="27.492"/>
  <system-out/>
</testsuite> <!-- com.mavenselenium.GroupActivity -->
