<?xml version="1.0" encoding="UTF-8"?>
<!-- Generated by org.testng.reporters.JUnitReportReporter -->
<testsuite hostname="MAVBCP3494" failures="0" tests="1" name="com.mavenselenium.RecorderScript" time="20.094" errors="0" timestamp="2021-10-08T11:30:47 IST" skipped="0">
  <testcase classname="com.mavenselenium.RecorderScript" name="testParameterWithXML" time="20.094"/>
  <system-out/>
</testsuite> <!-- com.mavenselenium.RecorderScript -->
