<?xml version="1.0" encoding="UTF-8"?>
<!-- Generated by org.testng.reporters.JUnitReportReporter -->
<testsuite hostname="MAVBCP3494" failures="0" tests="1" name="com.mavenselenium.IndividualActivity" time="32.456" errors="0" timestamp="2021-10-11T12:33:24 IST" skipped="0">
  <testcase classname="com.mavenselenium.IndividualActivity" name="logintest" time="32.456"/>
  <system-out/>
</testsuite> <!-- com.mavenselenium.IndividualActivity -->
