<?xml version="1.0" encoding="UTF-8"?>
<!-- Generated by org.testng.reporters.JUnitReportReporter -->
<testsuite hostname="MAVBCP3494" failures="0" tests="1" name="com.mavenselenium.SeleniumSample" time="34.015" errors="0" timestamp="2021-10-10T19:32:32 IST" skipped="0">
  <testcase classname="com.mavenselenium.SeleniumSample" name="logintest" time="34.015"/>
  <system-out/>
</testsuite> <!-- com.mavenselenium.SeleniumSample -->
