<?xml version="1.0" encoding="UTF-8"?>
<!-- Generated by org.testng.reporters.JUnitReportReporter -->
<testsuite hostname="MAVBCP3494" failures="0" tests="1" name="com.mavenselenium.WaitTest" time="31.426" errors="0" timestamp="2021-10-08T11:36:22 IST" skipped="0">
  <testcase classname="com.mavenselenium.WaitTest" name="testUntitled" time="31.426"/>
  <system-out/>
</testsuite> <!-- com.mavenselenium.WaitTest -->
