<?xml version="1.0" encoding="UTF-8"?>
<!-- Generated by org.testng.reporters.JUnitReportReporter -->
<testsuite skipped="0" hostname="MAVBCP3494" name="com.mavenselenium.IndividualActivity" tests="2" failures="0" timestamp="2021-10-17T10:29:44 IST" time="34.923" errors="0">
  <testcase name="Scenariotest" time="17.170" classname="com.mavenselenium.IndividualActivity"/>
  <system-out/>
  <testcase name="Scenariotest" time="17.753" classname="com.mavenselenium.IndividualActivity"/>
  <system-out/>
</testsuite> <!-- com.mavenselenium.IndividualActivity -->
