<?xml version="1.0" encoding="UTF-8"?>
<!-- Generated by org.testng.reporters.JUnitReportReporter -->
<testsuite hostname="MAVBCP3494" failures="0" tests="1" name="com.mavenselenium.AlertDemo" time="13.672" errors="0" timestamp="2021-10-07T11:33:18 IST" skipped="0">
  <testcase classname="com.mavenselenium.AlertDemo" name="logintest" time="13.672"/>
  <system-out/>
</testsuite> <!-- com.mavenselenium.AlertDemo -->
