<?xml version="1.0" encoding="UTF-8"?>
<!-- Generated by org.testng.reporters.JUnitReportReporter -->
<testsuite skipped="0" hostname="MAVBCP3494" name="com.mavenselenium.IndividualActivity" tests="2" failures="0" timestamp="2021-10-17T21:46:05 IST" time="32.007" errors="0">
  <testcase name="Scenariotest" time="15.794" classname="com.mavenselenium.IndividualActivity"/>
  <system-out/>
  <testcase name="Scenariotest" time="16.213" classname="com.mavenselenium.IndividualActivity"/>
  <system-out/>
</testsuite> <!-- com.mavenselenium.IndividualActivity -->
