<?xml version="1.0" encoding="UTF-8"?>
<!-- Generated by org.testng.reporters.JUnitReportReporter -->
<testsuite hostname="MAVBCP3494" failures="0" tests="1" name="com.mavenselenium.CrossBrowserScript" time="16.207" errors="0" timestamp="2021-10-07T16:46:48 IST" skipped="0">
  <testcase classname="com.mavenselenium.CrossBrowserScript" name="testParameterWithXML" time="16.207"/>
  <system-out/>
</testsuite> <!-- com.mavenselenium.CrossBrowserScript -->
