<?xml version="1.0" encoding="UTF-8"?>
<!-- Generated by org.testng.reporters.JUnitReportReporter -->
<testsuite skipped="0" hostname="MAVBCP3494" name="com.mavenselenium.IndividualActivity" tests="1" failures="0" timestamp="2021-10-13T13:03:59 IST" time="33.175" errors="0">
  <testcase name="logintest" time="33.175" classname="com.mavenselenium.IndividualActivity"/>
  <system-out/>
</testsuite> <!-- com.mavenselenium.IndividualActivity -->
